2022-04-07 16:42:14,324:INFO:PyCaret Supervised Module
2022-04-07 16:42:14,325:INFO:ML Usecase: classification
2022-04-07 16:42:14,325:INFO:version 2.2.3
2022-04-07 16:42:14,325:INFO:Initializing setup()
2022-04-07 16:42:14,325:INFO:setup(target=Class, ml_usecase=classification, available_plots={'parameter': 'Hyperparameters', 'auc': 'AUC', 'confusion_matrix': 'Confusion Matrix', 'threshold': 'Threshold', 'pr': 'Precision Recall', 'error': 'Prediction Error', 'class_report': 'Class Report', 'rfe': 'Feature Selection', 'learning': 'Learning Curve', 'manifold': 'Manifold Learning', 'calibration': 'Calibration Curve', 'vc': 'Validation Curve', 'dimension': 'Dimensions', 'feature': 'Feature Importance', 'feature_all': 'Feature Importance (All)', 'boundary': 'Decision Boundary', 'lift': 'Lift Chart', 'gain': 'Gain Chart', 'tree': 'Decision Tree'}, train_size=0.7, test_data=None, preprocess=True, imputation_type=simple, iterative_imputation_iters=5, categorical_features=None, categorical_imputation=constant, categorical_iterative_imputer=lightgbm, ordinal_features=None, high_cardinality_features=None, high_cardinality_method=frequency, numeric_features=None, numeric_imputation=mean, numeric_iterative_imputer=lightgbm, date_features=None, ignore_features=['Artist Name', 'Track Name'], normalize=False, normalize_method=zscore, transformation=False, transformation_method=yeo-johnson, handle_unknown_categorical=True, unknown_categorical_method=least_frequent, pca=False, pca_method=linear, pca_components=None, ignore_low_variance=False, combine_rare_levels=False, rare_level_threshold=0.1, bin_numeric_features=None, remove_outliers=False, outliers_threshold=0.05, remove_multicollinearity=False, multicollinearity_threshold=0.9, remove_perfect_collinearity=True, create_clusters=False, cluster_iter=20, polynomial_features=False, polynomial_degree=2, trigonometry_features=False, polynomial_threshold=0.1, group_features=None, group_names=None, feature_selection=False, feature_selection_threshold=0.8, feature_selection_method=classic, feature_interaction=False, feature_ratio=False, interaction_threshold=0.01, fix_imbalance=False, fix_imbalance_method=None, transform_target=False, transform_target_method=box-cox, data_split_shuffle=True, data_split_stratify=False, fold_strategy=stratifiedkfold, fold=10, fold_shuffle=False, fold_groups=None, n_jobs=-1, use_gpu=False, custom_pipeline=None, html=True, session_id=123, log_experiment=False, experiment_name=None, log_plots=False, log_profile=False, log_data=False, silent=False, verbose=True, profile=False, profile_kwargs=None, display=None)
2022-04-07 16:42:14,327:INFO:Checking environment
2022-04-07 16:42:14,327:INFO:python_version: 3.7.11
2022-04-07 16:42:14,327:INFO:python_build: ('default', 'Jul 27 2021 09:42:29')
2022-04-07 16:42:14,327:INFO:machine: AMD64
2022-04-07 16:42:14,327:INFO:platform: Windows-10-10.0.22000-SP0
2022-04-07 16:42:14,327:INFO:Memory: svmem(total=16905965568, available=7456112640, percent=55.9, used=9449852928, free=7456112640)
2022-04-07 16:42:14,327:INFO:Physical Core: 8
2022-04-07 16:42:14,327:INFO:Logical Core: 16
2022-04-07 16:42:14,327:INFO:Checking libraries
2022-04-07 16:42:14,327:INFO:pd==1.1.3
2022-04-07 16:42:14,327:INFO:numpy==1.20.3
2022-04-07 16:42:14,327:INFO:sklearn==1.0
2022-04-07 16:42:14,327:INFO:xgboost==1.5.0
2022-04-07 16:42:14,327:INFO:lightgbm==3.3.1
2022-04-07 16:42:14,443:INFO:catboost==1.0.4
2022-04-07 16:42:14,937:INFO:mlflow==1.24.0
2022-04-07 16:42:14,937:INFO:Checking Exceptions
2022-04-07 16:42:14,937:INFO:Declaring global variables
2022-04-07 16:42:14,937:INFO:USI: 2fde
2022-04-07 16:42:14,937:INFO:pycaret_globals: {'imputation_classifier', '_available_plots', 'seed', 'fold_shuffle_param', 'imputation_regressor', 'X', 'fix_imbalance_param', 'transform_target_method_param', 'display_container', 'log_plots_param', 'y_test', '_internal_pipeline', 'X_test', '_ml_usecase', 'iterative_imputation_iters_param', 'data_before_preprocess', 'fold_param', 'logging_param', 'target_param', 'y_train', 'prep_pipe', 'gpu_param', 'fold_generator', 'experiment__', 'y', 'n_jobs_param', '_all_models_internal', 'pycaret_globals', 'transform_target_param', 'fix_imbalance_method_param', '_all_metrics', 'html_param', 'fold_groups_param', 'X_train', 'exp_name_log', 'USI', '_all_models', '_gpu_n_jobs_param', 'stratify_param', 'master_model_container', 'create_model_container'}
2022-04-07 16:42:14,937:INFO:Preparing display monitor
2022-04-07 16:42:14,937:INFO:Preparing display monitor
2022-04-07 16:42:14,953:INFO:Importing libraries
2022-04-07 16:42:14,953:INFO:Copying data for preprocessing
2022-04-07 16:42:14,963:INFO:Declaring preprocessing parameters
2022-04-07 16:42:14,964:INFO:Creating preprocessing pipeline
2022-04-07 16:42:14,995:INFO:Preprocessing pipeline created successfully
2022-04-07 16:42:14,995:ERROR:(Process Exit): setup has been interupted with user command 'quit'. setup must rerun.
2022-04-07 16:42:14,995:INFO:Creating global containers
2022-04-07 16:43:25,819:INFO:PyCaret Supervised Module
2022-04-07 16:43:25,819:INFO:ML Usecase: classification
2022-04-07 16:43:25,819:INFO:version 2.2.3
2022-04-07 16:43:25,819:INFO:Initializing setup()
2022-04-07 16:43:25,819:INFO:setup(target=Class, ml_usecase=classification, available_plots={'parameter': 'Hyperparameters', 'auc': 'AUC', 'confusion_matrix': 'Confusion Matrix', 'threshold': 'Threshold', 'pr': 'Precision Recall', 'error': 'Prediction Error', 'class_report': 'Class Report', 'rfe': 'Feature Selection', 'learning': 'Learning Curve', 'manifold': 'Manifold Learning', 'calibration': 'Calibration Curve', 'vc': 'Validation Curve', 'dimension': 'Dimensions', 'feature': 'Feature Importance', 'feature_all': 'Feature Importance (All)', 'boundary': 'Decision Boundary', 'lift': 'Lift Chart', 'gain': 'Gain Chart', 'tree': 'Decision Tree'}, train_size=0.7, test_data=None, preprocess=True, imputation_type=simple, iterative_imputation_iters=5, categorical_features=None, categorical_imputation=constant, categorical_iterative_imputer=lightgbm, ordinal_features=None, high_cardinality_features=None, high_cardinality_method=frequency, numeric_features=None, numeric_imputation=mean, numeric_iterative_imputer=lightgbm, date_features=None, ignore_features=['Artist Name', 'Track Name'], normalize=False, normalize_method=zscore, transformation=False, transformation_method=yeo-johnson, handle_unknown_categorical=True, unknown_categorical_method=least_frequent, pca=False, pca_method=linear, pca_components=None, ignore_low_variance=False, combine_rare_levels=False, rare_level_threshold=0.1, bin_numeric_features=None, remove_outliers=False, outliers_threshold=0.05, remove_multicollinearity=False, multicollinearity_threshold=0.9, remove_perfect_collinearity=True, create_clusters=False, cluster_iter=20, polynomial_features=False, polynomial_degree=2, trigonometry_features=False, polynomial_threshold=0.1, group_features=None, group_names=None, feature_selection=False, feature_selection_threshold=0.8, feature_selection_method=classic, feature_interaction=False, feature_ratio=False, interaction_threshold=0.01, fix_imbalance=False, fix_imbalance_method=None, transform_target=False, transform_target_method=box-cox, data_split_shuffle=True, data_split_stratify=False, fold_strategy=stratifiedkfold, fold=10, fold_shuffle=False, fold_groups=None, n_jobs=-1, use_gpu=False, custom_pipeline=None, html=True, session_id=None, log_experiment=False, experiment_name=None, log_plots=False, log_profile=False, log_data=False, silent=False, verbose=True, profile=False, profile_kwargs=None, display=None)
2022-04-07 16:43:25,820:INFO:Checking environment
2022-04-07 16:43:25,820:INFO:python_version: 3.7.11
2022-04-07 16:43:25,820:INFO:python_build: ('default', 'Jul 27 2021 09:42:29')
2022-04-07 16:43:25,820:INFO:machine: AMD64
2022-04-07 16:43:25,820:INFO:platform: Windows-10-10.0.22000-SP0
2022-04-07 16:43:25,820:INFO:Memory: svmem(total=16905965568, available=7371931648, percent=56.4, used=9534033920, free=7371931648)
2022-04-07 16:43:25,820:INFO:Physical Core: 8
2022-04-07 16:43:25,820:INFO:Logical Core: 16
2022-04-07 16:43:25,820:INFO:Checking libraries
2022-04-07 16:43:25,820:INFO:pd==1.1.3
2022-04-07 16:43:25,820:INFO:numpy==1.20.3
2022-04-07 16:43:25,820:INFO:sklearn==1.0
2022-04-07 16:43:25,820:INFO:xgboost==1.5.0
2022-04-07 16:43:25,820:INFO:lightgbm==3.3.1
2022-04-07 16:43:25,821:INFO:catboost==1.0.4
2022-04-07 16:43:25,821:INFO:mlflow==1.24.0
2022-04-07 16:43:25,821:INFO:Checking Exceptions
2022-04-07 16:43:25,821:INFO:Declaring global variables
2022-04-07 16:43:25,821:INFO:USI: 1a3d
2022-04-07 16:43:25,821:INFO:pycaret_globals: {'imputation_classifier', '_available_plots', 'seed', 'fold_shuffle_param', 'imputation_regressor', 'X', 'fix_imbalance_param', 'transform_target_method_param', 'display_container', 'log_plots_param', 'y_test', '_internal_pipeline', 'X_test', '_ml_usecase', 'iterative_imputation_iters_param', 'data_before_preprocess', 'fold_param', 'logging_param', 'target_param', 'y_train', 'prep_pipe', 'gpu_param', 'fold_generator', 'experiment__', 'y', 'n_jobs_param', '_all_models_internal', 'pycaret_globals', 'transform_target_param', 'fix_imbalance_method_param', '_all_metrics', 'html_param', 'fold_groups_param', 'X_train', 'exp_name_log', 'USI', '_all_models', '_gpu_n_jobs_param', 'stratify_param', 'master_model_container', 'create_model_container'}
2022-04-07 16:43:25,821:INFO:Preparing display monitor
2022-04-07 16:43:25,821:INFO:Preparing display monitor
2022-04-07 16:43:25,833:INFO:Importing libraries
2022-04-07 16:43:25,833:INFO:Copying data for preprocessing
2022-04-07 16:43:25,839:INFO:Declaring preprocessing parameters
2022-04-07 16:43:25,843:INFO:Creating preprocessing pipeline
2022-04-07 16:43:25,871:INFO:Preprocessing pipeline created successfully
2022-04-07 16:43:25,871:ERROR:(Process Exit): setup has been interupted with user command 'quit'. setup must rerun.
2022-04-07 16:43:25,871:INFO:Creating global containers
2022-04-07 16:44:20,205:INFO:PyCaret Supervised Module
2022-04-07 16:44:20,205:INFO:ML Usecase: classification
2022-04-07 16:44:20,205:INFO:version 2.2.3
2022-04-07 16:44:20,205:INFO:Initializing setup()
2022-04-07 16:44:20,205:INFO:setup(target=Class, ml_usecase=classification, available_plots={'parameter': 'Hyperparameters', 'auc': 'AUC', 'confusion_matrix': 'Confusion Matrix', 'threshold': 'Threshold', 'pr': 'Precision Recall', 'error': 'Prediction Error', 'class_report': 'Class Report', 'rfe': 'Feature Selection', 'learning': 'Learning Curve', 'manifold': 'Manifold Learning', 'calibration': 'Calibration Curve', 'vc': 'Validation Curve', 'dimension': 'Dimensions', 'feature': 'Feature Importance', 'feature_all': 'Feature Importance (All)', 'boundary': 'Decision Boundary', 'lift': 'Lift Chart', 'gain': 'Gain Chart', 'tree': 'Decision Tree'}, train_size=0.7, test_data=None, preprocess=True, imputation_type=simple, iterative_imputation_iters=5, categorical_features=None, categorical_imputation=constant, categorical_iterative_imputer=lightgbm, ordinal_features=None, high_cardinality_features=None, high_cardinality_method=frequency, numeric_features=None, numeric_imputation=mean, numeric_iterative_imputer=lightgbm, date_features=None, ignore_features=['Artist Name', 'Track Name'], normalize=False, normalize_method=zscore, transformation=False, transformation_method=yeo-johnson, handle_unknown_categorical=True, unknown_categorical_method=least_frequent, pca=False, pca_method=linear, pca_components=None, ignore_low_variance=False, combine_rare_levels=False, rare_level_threshold=0.1, bin_numeric_features=None, remove_outliers=False, outliers_threshold=0.05, remove_multicollinearity=False, multicollinearity_threshold=0.9, remove_perfect_collinearity=True, create_clusters=False, cluster_iter=20, polynomial_features=False, polynomial_degree=2, trigonometry_features=False, polynomial_threshold=0.1, group_features=None, group_names=None, feature_selection=False, feature_selection_threshold=0.8, feature_selection_method=classic, feature_interaction=False, feature_ratio=False, interaction_threshold=0.01, fix_imbalance=False, fix_imbalance_method=None, transform_target=False, transform_target_method=box-cox, data_split_shuffle=True, data_split_stratify=False, fold_strategy=stratifiedkfold, fold=10, fold_shuffle=True, fold_groups=None, n_jobs=-1, use_gpu=False, custom_pipeline=None, html=True, session_id=123, log_experiment=False, experiment_name=None, log_plots=False, log_profile=False, log_data=False, silent=False, verbose=True, profile=False, profile_kwargs=None, display=None)
2022-04-07 16:44:20,205:INFO:Checking environment
2022-04-07 16:44:20,206:INFO:python_version: 3.7.11
2022-04-07 16:44:20,206:INFO:python_build: ('default', 'Jul 27 2021 09:42:29')
2022-04-07 16:44:20,206:INFO:machine: AMD64
2022-04-07 16:44:20,206:INFO:platform: Windows-10-10.0.22000-SP0
2022-04-07 16:44:20,206:INFO:Memory: svmem(total=16905965568, available=7279779840, percent=56.9, used=9626185728, free=7279779840)
2022-04-07 16:44:20,206:INFO:Physical Core: 8
2022-04-07 16:44:20,206:INFO:Logical Core: 16
2022-04-07 16:44:20,206:INFO:Checking libraries
2022-04-07 16:44:20,206:INFO:pd==1.1.3
2022-04-07 16:44:20,206:INFO:numpy==1.20.3
2022-04-07 16:44:20,206:INFO:sklearn==1.0
2022-04-07 16:44:20,206:INFO:xgboost==1.5.0
2022-04-07 16:44:20,206:INFO:lightgbm==3.3.1
2022-04-07 16:44:20,206:INFO:catboost==1.0.4
2022-04-07 16:44:20,206:INFO:mlflow==1.24.0
2022-04-07 16:44:20,206:INFO:Checking Exceptions
2022-04-07 16:44:20,206:INFO:Declaring global variables
2022-04-07 16:44:20,206:INFO:USI: 9367
2022-04-07 16:44:20,206:INFO:pycaret_globals: {'imputation_classifier', '_available_plots', 'seed', 'fold_shuffle_param', 'imputation_regressor', 'X', 'fix_imbalance_param', 'transform_target_method_param', 'display_container', 'log_plots_param', 'y_test', '_internal_pipeline', 'X_test', '_ml_usecase', 'iterative_imputation_iters_param', 'data_before_preprocess', 'fold_param', 'logging_param', 'target_param', 'y_train', 'prep_pipe', 'gpu_param', 'fold_generator', 'experiment__', 'y', 'n_jobs_param', '_all_models_internal', 'pycaret_globals', 'transform_target_param', 'fix_imbalance_method_param', '_all_metrics', 'html_param', 'fold_groups_param', 'X_train', 'exp_name_log', 'USI', '_all_models', '_gpu_n_jobs_param', 'stratify_param', 'master_model_container', 'create_model_container'}
2022-04-07 16:44:20,206:INFO:Preparing display monitor
2022-04-07 16:44:20,206:INFO:Preparing display monitor
2022-04-07 16:44:20,218:INFO:Importing libraries
2022-04-07 16:44:20,218:INFO:Copying data for preprocessing
2022-04-07 16:44:20,225:INFO:Declaring preprocessing parameters
2022-04-07 16:44:20,227:INFO:Creating preprocessing pipeline
2022-04-07 16:44:20,256:INFO:Preprocessing pipeline created successfully
2022-04-07 16:44:20,256:ERROR:(Process Exit): setup has been interupted with user command 'quit'. setup must rerun.
2022-04-07 16:44:20,256:INFO:Creating global containers
2022-04-07 16:44:20,257:INFO:Internal pipeline: Pipeline(memory=None, steps=[('empty_step', 'passthrough')], verbose=False)
